   Compiling mergiraf v0.12.1 (/home/matheus/Documents/UFPE/merge-and-code-review/project/mergiraf-semi)
warning: value assigned to `finished_row` is never read
   --> src/ast.rs:186:25
    |
186 |                         finished_row = false;
    |                         ^^^^^^^^^^^^
    |
    = help: maybe it is overwritten before being read?
    = note: `#[warn(unused_assignments)]` on by default

warning: hiding a lifetime that's elided elsewhere is confusing
   --> src/lang_profile.rs:317:31
    |
317 |     pub(crate) fn parent_type(&self) -> &ParentType {
    |                               ^^^^^     -----------
    |                               |         ||
    |                               |         |the same lifetime is hidden here
    |                               |         the same lifetime is elided here
    |                               the lifetime is elided here
    |
    = help: the same lifetime is referred to in inconsistent ways, making the signature confusing
    = note: `#[warn(mismatched_lifetime_syntaxes)]` on by default
help: use `'_` for type paths
    |
317 |     pub(crate) fn parent_type(&self) -> &ParentType<'_> {
    |                                                    ++++

warning: `mergiraf` (lib) generated 2 warnings
warning: this lint expectation is unfulfilled
   --> src/main.rs:195:22
    |
195 |             #[expect(unstable_name_collisions)]
    |                      ^^^^^^^^^^^^^^^^^^^^^^^^
    |
    = note: `#[warn(unfulfilled_lint_expectations)]` on by default

warning: this lint expectation is unfulfilled
   --> src/main.rs:197:22
    |
197 |             #[expect(unstable_name_collisions)]
    |                      ^^^^^^^^^^^^^^^^^^^^^^^^

warning: this lint expectation is unfulfilled
   --> src/main.rs:199:22
    |
199 |             #[expect(unstable_name_collisions)]
    |                      ^^^^^^^^^^^^^^^^^^^^^^^^

warning: this lint expectation is unfulfilled
   --> src/main.rs:203:22
    |
203 |             #[expect(unstable_name_collisions)]
    |                      ^^^^^^^^^^^^^^^^^^^^^^^^

warning: this lint expectation is unfulfilled
   --> src/main.rs:205:22
    |
205 |             #[expect(unstable_name_collisions)]
    |                      ^^^^^^^^^^^^^^^^^^^^^^^^

warning: `mergiraf` (bin "mergiraf") generated 5 warnings
    Finished `dev` profile [unoptimized + debuginfo] target(s) in 1.02s
     Running `target/debug/mergiraf merge --semistructured=diff3 /home/matheus/Documents/UFPE/merge-and-code-review/project/mergiraf-semi/examples/swift/Math/left.swift /home/matheus/Documents/UFPE/merge-and-code-review/project/mergiraf-semi/examples/swift/Math/base.swift /home/matheus/Documents/UFPE/merge-and-code-review/project/mergiraf-semi/examples/swift/Math/right.swift`

thread '<unnamed>' panicked at src/tree_builder.rs:331:84:
called `Option::unwrap()` on a `None` value
note: run with `RUST_BACKTRACE=1` environment variable to display a backtrace
Aborted (core dumped)
